<?xml version="1.0" encoding="UTF-8"?>
<!-- Generated by org.testng.reporters.JUnitXMLReporter -->
<testsuite ignored="0" hostname="DESKTOP-T1HO9OQ" failures="0" tests="7" name="Reggression" time="0.054" errors="0" timestamp="2020-07-13T23:11:25 CEST">
  <testcase classname="test.Test1" name="test1Method1" time="0.008"/>
  <testcase classname="test.Test1" name="test1Method2" time="0.002"/>
  <testcase classname="test.Test2" name="test2Method1" time="0.002"/>
  <testcase classname="test.Test2" name="test2Method2" time="0.001"/>
  <testcase classname="test.Test2" name="test2Method3" time="0.001"/>
  <testcase classname="test.Test2" name="test2Method3" time="0.001"/>
  <testcase classname="test.Test2" name="test2Method3" time="0.0"/>
</testsuite> <!-- Reggression -->
