<?xml version="1.0" encoding="UTF-8"?>
<!-- Generated by org.testng.reporters.JUnitXMLReporter -->
<testsuite ignored="1" hostname="DESKTOP-T1HO9OQ" failures="0" tests="2" name="Test2" time="0.007" errors="0" timestamp="2020-07-13T23:07:57 CEST">
  <testcase classname="test.Test2" name="test2Method1" time="0.001"/>
  <testcase classname="test.Test2" name="test2Method2" time="0.001"/>
  <testcase classname="test.Test2" name="test2Method3" time="0.0">
    <ignored/>
  </testcase> <!-- test2Method3 -->
</testsuite> <!-- Test2 -->
