<?xml version="1.0" encoding="UTF-8"?>
<testng-results ignored="0" total="2" passed="2" failed="0" skipped="0">
  <reporter-output>
  </reporter-output>
  <suite started-at="2020-07-14T14:06:59 CEST" name="Default suite" finished-at="2020-07-14T14:06:59 CEST" duration-ms="39">
    <groups>
    </groups>
    <test started-at="2020-07-14T14:06:59 CEST" name="Default test" finished-at="2020-07-14T14:06:59 CEST" duration-ms="39">
      <class name="test.Test1">
        <test-method signature="test1Method1()[pri:0, instance:test.Test1@65b3f4a4]" started-at="2020-07-14T14:06:59 CEST" name="test1Method1" finished-at="2020-07-14T14:06:59 CEST" duration-ms="8" status="PASS">
          <reporter-output>
          </reporter-output>
        </test-method> <!-- test1Method1 -->
        <test-method signature="test1Method2()[pri:0, instance:test.Test1@65b3f4a4]" started-at="2020-07-14T14:06:59 CEST" name="test1Method2" finished-at="2020-07-14T14:06:59 CEST" duration-ms="1" status="PASS">
          <reporter-output>
          </reporter-output>
        </test-method> <!-- test1Method2 -->
      </class> <!-- test.Test1 -->
    </test> <!-- Default test -->
  </suite> <!-- Default suite -->
</testng-results>
